C51 COMPILER V6.14  T0_SYS                                                                 03/10/2008 20:02:12 PAGE 1   


C51 COMPILER V6.14, COMPILATION OF MODULE T0_SYS
OBJECT MODULE PLACED IN T0_sys.OBJ
COMPILER INVOKED BY: D:\PROGRAM FILES\CYGNAL\IDEFILES\C51\BIN\C51.EXE T0_sys.c DB OE

stmt level    source

   1          //*********************************************
   2          //   T0_SYS.c
   3          // -------------------------------------------
   4          //   v 1.10 8.03.2004         
   5          //*********************************************
   6          
   7          # include "T0_sys.h"
   8            
   9          /*    
  10          
  11          unsigned char s=0;
  12          sbit  LED = (0x90)^6;
  13          
  14          int rrr=0;
  15          */
  16          
  17          
  18          /////   SFR //////////
  19          sfr SFRPAGE = 0x84;
  20          
  21          sfr TMOD  = 0x89;
  22          
  23          sfr TL0   = 0x8A;
  24          sfr TH0   = 0x8C;
  25          
  26          //  IEN0  
  27          sbit EA    = 0xAF;   
  28          sbit ET0   = 0xA9;   
  29          
  30          //  TCON  
  31          sbit TR0   = 0x8C; 
  32          
  33          
  34          sfr P0       =  0x80;	// PORT 0
  35          /************************/
  36          
  37          /// НАСТРОЙКИ 
  38          # define Dtic 1            // для 52 
  39          //# define Dtic 9           // для 520 dallas Q/4
  40          //#define freq 100           //  Частота  оборотов  T0 в секунду
  41          
  42          #define freq 100.           //  Частота  оборотов  T0 в секунду
  43          #define time2sec 200      // freq*2
  44          #define time1sec 100      // freq*1
  45          // кварц 
  46          # define QQ (11059200/2)
  47          /////////////////////////////////////////////////////////////////////////
  48          
  49          unsigned int data T0_LOAD ;   // ((unsigned int)(0x1f00+Dtic))
  50          unsigned int data Time_100,Time1_100;   // цикл счетчик общего назначения 1/100 sec
  51          bit    T0_flag,fl_2sek,fl_4sek;
  52          unsigned int  Time_1000,Time_datchik;   // цикл счетчик общего назначения 1/100 sec
  53          
  54          
  55          extern  unsigned int cnt_lampy1,cnt_lampy2,cnt_L1;
C51 COMPILER V6.14  T0_SYS                                                                 03/10/2008 20:02:12 PAGE 2   

  56          extern  unsigned char stat_lampy1,stat_lampy2,stat_12;	// состояние лампы 0-вкл, 1-выкл, 2-авария
  57          
  58          //-------------------------------------
  59          
  60          // 
  61          void To_load_calc(unsigned int f)
  62          {
  63   1      /*   f=           //количество тиков таймера за 1 период заданной частоты
  64   1           (1./f)     // период заданой частоты
  65   1           /
  66   1          (12./QQ);   // период тика
  67   1      */
  68   1      	f=QQ/f/12;//??
  69   1         T0_LOAD=Dtic-f;
  70   1      }
  71          
  72          //--------------------------------
  73          
  74          void T0_init(void)
  75          {
  76   1      //   SFRPAGE =0;        // добавлено для C8051F040x
  77   1       
  78   1         TR0 = 0;          /* таймер off         */
  79   1       
  80   1         Time_100=0; Time1_100=0;
  81   1         Time_1000=0; Time_datchik=0;
  82   1      
  83   1         cnt_lampy1=cnt_lampy2=0;
  84   1      
  85   1         To_load_calc(freq);
  86   1         T0_flag=0;
  87   1         // Time_n=0;
  88   1       
  89   1         TMOD = TMOD & 0xf0 | 0x01;
  90   1         TR0 = 0;          /* таймер отключен         */
  91   1         TH0 = T0_LOAD>>8;
  92   1         TL0 = T0_LOAD;    /* T0 = 0                  */
  93   1         ET0 = 1;          /* Т0 прерывания разрешены */
  94   1         TR0 = 1;          /* таймер включен          */
  95   1         EA  = 1;          /* прерывания разрешены    */
  96   1      }
  97          
  98          //sfr P0       =  0x80;	
  99          //sbit TMbit = P0^2;
 100          
 101          bit L1,L2;
 102          
 103          void T0_int(void) interrupt 1 //Обработчик прерываний от T0
 104          {
 105   1         //перезагрузка таймера величиной freq0
 106   1         unsigned int data q;
 107   1       
 108   1         EA=0;    // перезагрузка таймера
 109   1         TR0=0;
 110   1         *(((unsigned char *)&q)+1)=TL0;
 111   1         *(((unsigned char *)&q)+0)=TH0;
 112   1         //q=q+(0xDC00+9+6); // 0.01 sec timer    9-530 15-52
 113   1         q=q+T0_LOAD;
 114   1         TL0=*(((unsigned char *)&q)+1);
 115   1         TH0=*(((unsigned char *)&q)+0);
 116   1         TR0=1;
 117   1         EA=1;                                   
C51 COMPILER V6.14  T0_SYS                                                                 03/10/2008 20:02:12 PAGE 3   

 118   1      
 119   1      
 120   1      // проверка работы ламп
 121   1      
 122   1      if ((P0&0x08) != 0)
 123   1        { if (L1==0) cnt_lampy1++; L1=1; }
 124   1      else {if (L1==1) cnt_lampy1++; L1=0; }
 125   1      
 126   1      if ((P0&0x10) != 0) 
 127   1        { if (L2==0) cnt_lampy2++; L2=1; }
 128   1      else {if (L2==1) cnt_lampy2++; L2=0; }
 129   1      
 130   1        Time_100++;
 131   1      
 132   1         if (Time_100==time1sec)	// !!!1 cek
 133   1      	 {  
 134   2      	 cnt_L1=cnt_lampy1;
 135   2      	   Time_100=0;
 136   2      	   stat_lampy1=0;
 137   2      	   if (cnt_lampy1>30)stat_lampy1=2;
 138   2      	   else if (L1==1) stat_lampy1=1;
 139   2      
 140   2      
 141   2      	   stat_lampy2=0;
 142   2      	   if (cnt_lampy2>30)stat_lampy2=2;
 143   2      	   else if (L2==1) stat_lampy2=1;
 144   2      
 145   2      	   stat_12 = (stat_lampy1<<4)|stat_lampy2;
 146   2      
 147   2      	   cnt_lampy1=cnt_lampy2=0;
 148   2      	 }
 149   1      
 150   1       Time_datchik++;
 151   1       Time_1000++;
 152   1      
 153   1      }


MODULE INFORMATION:   STATIC OVERLAYABLE
   CODE SIZE        =    323    ----
   CONSTANT SIZE    =   ----    ----
   XDATA SIZE       =   ----    ----
   PDATA SIZE       =   ----    ----
   DATA SIZE        =     10       4
   IDATA SIZE       =   ----    ----
   BIT SIZE         =      5    ----
END OF MODULE INFORMATION.


C51 COMPILATION COMPLETE.  0 WARNING(S),  0 ERROR(S)
