C51 COMPILER V6.14  BLINKY                                                                 01/19/2007 09:35:33 PAGE 1   


C51 COMPILER V6.14, COMPILATION OF MODULE BLINKY
OBJECT MODULE PLACED IN Blinky.OBJ
COMPILER INVOKED BY: D:\PROGRAM FILES\CYGNAL\IDEFILES\C51\BIN\C51.EXE Blinky.c DB OE

stmt level    source

   1          //------------------------------------------------------------------------------------
   2          // Blinky.c
   3          //------------------------------------------------------------------------------------
   4          // Copyright 2001 Cygnal Integrated Products, Inc.
   5          //
   6          // AUTH: BW
   7          // DATE: 10 OCT 01
   8          //
   9          // This program flashes the green LED on the C8051F2xx target board about five times
  10          // a second using the interrupt handler for Timer2.
  11          //
  12          // Target: C8051F2xx
  13          //
  14          // Tool chain: KEIL Eval 'c'
  15          //
  16          
  17          //------------------------------------------------------------------------------------
  18          // Includes
  19          //------------------------------------------------------------------------------------
  20          #include <c8051f200.h>                    // SFR declarations
  21          #include <indicator1.src>   
*** ERROR C129 IN LINE 2 OF INDICATOR1.SRC: missing ';' before 'MAIN'
  22          //------------------------------------------------------------------------------------
  23          // 16-bit SFR Definitions for 'F2xx
  24          //------------------------------------------------------------------------------------
  25          
  26          sfr16 DP       = 0x82;                    // data pointer
  27          sfr16 ADC0     = 0xbe;                    // ADC0 data
  28          sfr16 ADC0GT   = 0xc4;                    // ADC0 greater than window
  29          sfr16 ADC0LT   = 0xc6;                    // ADC0 less than window
  30          sfr16 RCAP2    = 0xca;                    // Timer2 capture/reload
  31          sfr16 T2       = 0xcc;                    // Timer2
  32          
  33          //------------------------------------------------------------------------------------
  34          // Global CONSTANTS
  35          //------------------------------------------------------------------------------------
  36          
  37          #define SYSCLK 2000000                    // approximate SYSCLK frequency in Hz
  38          
  39          sbit  LED = P2^4;                         // green LED: '1' = ON; '0' = OFF
  40          
  41          //------------------------------------------------------------------------------------
  42          // Function PROTOTYPES
  43          //------------------------------------------------------------------------------------
  44          void PORT_Init (void);
  45          void Timer2_Init (int counts);
  46          void Timer2_ISR (void);
  47          
  48          //------------------------------------------------------------------------------------
  49          // MAIN Routine
  50          //------------------------------------------------------------------------------------
  51          void main (void) {
  52          
  53             // disable watchdog timer
  54             WDTCN = 0xde;
C51 COMPILER V6.14  BLINKY                                                                 01/19/2007 09:35:33 PAGE 2   

  55             WDTCN = 0xad;
  56          	
  57             PORT_Init ();
  58             Timer2_Init (SYSCLK / 12 / 10);        // Init Timer2 to generate interrupts
  59                                                    // at a 10Hz rate.
  60          
  61             EA = 1;											// enable global interrupts
  62          
  63             while (1) {                            // spin forever
  64             }
  65          }
  66          
  67          //------------------------------------------------------------------------------------
  68          // PORT_Init
  69          //------------------------------------------------------------------------------------
  70          //
  71          // Configure port mux and GPIO ports
  72          //
  73          void PORT_Init (void)
  74          {
  75             PRT2CF |= 0x10;                        // enable P2.4 (LED) as push-pull output
  76          }
  77          
  78          //------------------------------------------------------------------------------------
  79          // Timer2_Init
  80          //------------------------------------------------------------------------------------
  81          //
  82          // Configure Timer2 to auto-reload and generate an interrupt at interval
  83          // specified by <counts> using SYSCLK/12 as its time base.
  84          //
  85          void Timer2_Init (int counts)
  86          {
  87             T2CON  = 0x00;                         // Stop Timer2; configure for auto-reload
  88             CKCON &= ~0x20;                        // T2M=0 (use SYSCLK/12 as timebase)
  89             RCAP2  = -counts;                      // Init reload value
  90             T2     = 0xffff;                       // set to reload immediately
  91             ET2    = 1;                            // enable Timer2 interrupts
  92             TR2    = 1;                            // start Timer2
  93          }
  94          
  95          //------------------------------------------------------------------------------------
  96          // Interrupt Service Routines
  97          //------------------------------------------------------------------------------------
  98          
  99          //------------------------------------------------------------------------------------
 100          // Timer2_ISR
 101          //------------------------------------------------------------------------------------
 102          // This routine changes the state of the LED whenever Timer2 overflows.
 103          //
 104          void Timer2_ISR (void) interrupt 5
 105          {
 106             TF2 = 0;                               // clear Timer2 overflow interrupt flag
 107             LED = ~LED;                            // change state of LED
 108          }

C51 COMPILATION COMPLETE.  0 WARNING(S),  1 ERROR(S)
